2025-09-18 09:53:24 INFO 1 user providers loaded
2025-09-18 09:53:24 INFO Error handler registered.
2025-09-18 09:53:24 INFO 6 routes registered
2025-09-18 09:53:24 INFO 1 global middlewares registered
2025-09-18 09:53:24 INFO Application initialized.
CONTEXT: 
    basePath=/workspaces/nucleus/app
    env=local
2025-09-18 09:53:24 ERROR Boom from controller
CONTEXT: 
    exception={}
    file=/workspaces/nucleus/app/Controllers/TestController.php
    line=13
    trace=#0 [internal function]: App\Controllers\TestController->index(Object(Nucleus\Http\Request))
#1 /workspaces/nucleus/src/Routing/RouteResolver.php(133): ReflectionMethod->invokeArgs(Object(App\Controllers\TestController), Array)
#2 /workspaces/nucleus/src/Routing/RouteResolver.php(62): Nucleus\Routing\RouteResolver->resolveController(Array, Object(Nucleus\Http\Request), Array)
#3 /workspaces/nucleus/src/Routing/Router.php(123): Nucleus\Routing\RouteResolver->resolve(Array, Object(Nucleus\Http\Request), Array)
#4 /workspaces/nucleus/src/Core/Nucleus.php(100): Nucleus\Routing\Router->resolve(Array, Object(Nucleus\Http\Request), Array)
#5 /workspaces/nucleus/app/Middleware/TestMiddleware.php(16): Nucleus\Core\Nucleus->{closure:Nucleus\Core\Nucleus::handle():100}(Object(Nucleus\Http\Request))
#6 /workspaces/nucleus/src/Core/Nucleus.php(99): App\Middleware\TestMiddleware->handle(Object(Nucleus\Http\Request), Object(Closure))
#7 /workspaces/nucleus/src/Core/Nucleus.php(104): Nucleus\Core\Nucleus->{closure:{closure:Nucleus\Core\Nucleus::handle():99}:99}(Object(Nucleus\Http\Request))
#8 /workspaces/nucleus/src/Core/Application.php(244): Nucleus\Core\Nucleus->handle(Object(Nucleus\Http\Request))
#9 /workspaces/nucleus/src/Core/Application.php(217): Nucleus\Core\Application->handleRequest(Object(Nucleus\Http\Request))
#10 /workspaces/nucleus/app/public/index.php(12): Nucleus\Core\Application->run()
#11 {main}
2025-09-18 09:53:24 INFO Request handled
CONTEXT: 
    method=GET
    uri=/
    status=500
    duration_ms=0.56
2025-09-18 09:53:24 WARNING http_response_code(): Cannot set response code - headers already sent (output started at /workspaces/nucleus/src/Logging/DailyFileLogger.php:36)
CONTEXT: 
    severity=2
    file=/workspaces/nucleus/src/Http/Response.php
    line=177
2025-09-18 09:54:47 INFO 1 user providers loaded
2025-09-18 09:54:47 INFO Error handler registered.
2025-09-18 09:54:47 INFO 6 routes registered
2025-09-18 09:54:47 INFO 1 global middlewares registered
2025-09-18 09:54:47 INFO Application initialized.
CONTEXT: 
    basePath=/workspaces/nucleus/app
    env=local
2025-09-18 09:54:47 ERROR Boom from controller
CONTEXT: 
    exception={}
    file=/workspaces/nucleus/app/Controllers/TestController.php
    line=13
    trace=#0 [internal function]: App\Controllers\TestController->index(Object(Nucleus\Http\Request))
#1 /workspaces/nucleus/src/Routing/RouteResolver.php(133): ReflectionMethod->invokeArgs(Object(App\Controllers\TestController), Array)
#2 /workspaces/nucleus/src/Routing/RouteResolver.php(62): Nucleus\Routing\RouteResolver->resolveController(Array, Object(Nucleus\Http\Request), Array)
#3 /workspaces/nucleus/src/Routing/Router.php(123): Nucleus\Routing\RouteResolver->resolve(Array, Object(Nucleus\Http\Request), Array)
#4 /workspaces/nucleus/src/Core/Nucleus.php(100): Nucleus\Routing\Router->resolve(Array, Object(Nucleus\Http\Request), Array)
#5 /workspaces/nucleus/app/Middleware/TestMiddleware.php(16): Nucleus\Core\Nucleus->{closure:Nucleus\Core\Nucleus::handle():100}(Object(Nucleus\Http\Request))
#6 /workspaces/nucleus/src/Core/Nucleus.php(99): App\Middleware\TestMiddleware->handle(Object(Nucleus\Http\Request), Object(Closure))
#7 /workspaces/nucleus/src/Core/Nucleus.php(104): Nucleus\Core\Nucleus->{closure:{closure:Nucleus\Core\Nucleus::handle():99}:99}(Object(Nucleus\Http\Request))
#8 /workspaces/nucleus/src/Core/Application.php(244): Nucleus\Core\Nucleus->handle(Object(Nucleus\Http\Request))
#9 /workspaces/nucleus/src/Core/Application.php(217): Nucleus\Core\Application->handleRequest(Object(Nucleus\Http\Request))
#10 /workspaces/nucleus/app/public/index.php(12): Nucleus\Core\Application->run()
#11 {main}
2025-09-18 09:54:47 INFO Request handled
CONTEXT: 
    method=GET
    uri=/
    status=500
    duration_ms=0.87
2025-09-18 09:54:47 WARNING http_response_code(): Cannot set response code - headers already sent (output started at /workspaces/nucleus/src/Logging/DailyFileLogger.php:36)
CONTEXT: 
    severity=2
    file=/workspaces/nucleus/src/Http/Response.php
    line=177
2025-09-18 09:56:45 INFO 1 user providers loaded
2025-09-18 09:56:45 INFO Error handler registered.
2025-09-18 09:56:45 INFO 6 routes registered
2025-09-18 09:56:45 INFO 1 global middlewares registered
2025-09-18 09:56:45 INFO Application initialized.
CONTEXT: 
    basePath=/workspaces/nucleus/app
    env=local
2025-09-18 09:56:45 ERROR Boom from controller
CONTEXT: 
    exception={}
    file=/workspaces/nucleus/app/Controllers/TestController.php
    line=13
    trace=#0 [internal function]: App\Controllers\TestController->index(Object(Nucleus\Http\Request))
#1 /workspaces/nucleus/src/Routing/RouteResolver.php(133): ReflectionMethod->invokeArgs(Object(App\Controllers\TestController), Array)
#2 /workspaces/nucleus/src/Routing/RouteResolver.php(62): Nucleus\Routing\RouteResolver->resolveController(Array, Object(Nucleus\Http\Request), Array)
#3 /workspaces/nucleus/src/Routing/Router.php(123): Nucleus\Routing\RouteResolver->resolve(Array, Object(Nucleus\Http\Request), Array)
#4 /workspaces/nucleus/src/Core/Nucleus.php(100): Nucleus\Routing\Router->resolve(Array, Object(Nucleus\Http\Request), Array)
#5 /workspaces/nucleus/app/Middleware/TestMiddleware.php(16): Nucleus\Core\Nucleus->{closure:Nucleus\Core\Nucleus::handle():100}(Object(Nucleus\Http\Request))
#6 /workspaces/nucleus/src/Core/Nucleus.php(99): App\Middleware\TestMiddleware->handle(Object(Nucleus\Http\Request), Object(Closure))
#7 /workspaces/nucleus/src/Core/Nucleus.php(104): Nucleus\Core\Nucleus->{closure:{closure:Nucleus\Core\Nucleus::handle():99}:99}(Object(Nucleus\Http\Request))
#8 /workspaces/nucleus/src/Core/Application.php(244): Nucleus\Core\Nucleus->handle(Object(Nucleus\Http\Request))
#9 /workspaces/nucleus/src/Core/Application.php(217): Nucleus\Core\Application->handleRequest(Object(Nucleus\Http\Request))
#10 /workspaces/nucleus/app/public/index.php(12): Nucleus\Core\Application->run()
#11 {main}
2025-09-18 09:56:45 INFO Request handled
CONTEXT: 
    method=GET
    uri=/
    status=500
    duration_ms=1.06
2025-09-18 09:56:45 WARNING http_response_code(): Cannot set response code - headers already sent (output started at /workspaces/nucleus/src/Logging/DailyFileLogger.php:36)
CONTEXT: 
    severity=2
    file=/workspaces/nucleus/src/Http/Response.php
    line=177
2025-09-18 09:56:46 INFO 1 user providers loaded
2025-09-18 09:56:46 INFO Error handler registered.
2025-09-18 09:56:46 INFO 6 routes registered
2025-09-18 09:56:46 INFO 1 global middlewares registered
2025-09-18 09:56:46 INFO Application initialized.
CONTEXT: 
    basePath=/workspaces/nucleus/app
    env=local
2025-09-18 09:56:46 ERROR Boom from controller
CONTEXT: 
    exception={}
    file=/workspaces/nucleus/app/Controllers/TestController.php
    line=13
    trace=#0 [internal function]: App\Controllers\TestController->index(Object(Nucleus\Http\Request))
#1 /workspaces/nucleus/src/Routing/RouteResolver.php(133): ReflectionMethod->invokeArgs(Object(App\Controllers\TestController), Array)
#2 /workspaces/nucleus/src/Routing/RouteResolver.php(62): Nucleus\Routing\RouteResolver->resolveController(Array, Object(Nucleus\Http\Request), Array)
#3 /workspaces/nucleus/src/Routing/Router.php(123): Nucleus\Routing\RouteResolver->resolve(Array, Object(Nucleus\Http\Request), Array)
#4 /workspaces/nucleus/src/Core/Nucleus.php(100): Nucleus\Routing\Router->resolve(Array, Object(Nucleus\Http\Request), Array)
#5 /workspaces/nucleus/app/Middleware/TestMiddleware.php(16): Nucleus\Core\Nucleus->{closure:Nucleus\Core\Nucleus::handle():100}(Object(Nucleus\Http\Request))
#6 /workspaces/nucleus/src/Core/Nucleus.php(99): App\Middleware\TestMiddleware->handle(Object(Nucleus\Http\Request), Object(Closure))
#7 /workspaces/nucleus/src/Core/Nucleus.php(104): Nucleus\Core\Nucleus->{closure:{closure:Nucleus\Core\Nucleus::handle():99}:99}(Object(Nucleus\Http\Request))
#8 /workspaces/nucleus/src/Core/Application.php(244): Nucleus\Core\Nucleus->handle(Object(Nucleus\Http\Request))
#9 /workspaces/nucleus/src/Core/Application.php(217): Nucleus\Core\Application->handleRequest(Object(Nucleus\Http\Request))
#10 /workspaces/nucleus/app/public/index.php(12): Nucleus\Core\Application->run()
#11 {main}
2025-09-18 09:56:46 INFO Request handled
CONTEXT: 
    method=GET
    uri=/
    status=500
    duration_ms=0.81
2025-09-18 09:56:46 WARNING http_response_code(): Cannot set response code - headers already sent (output started at /workspaces/nucleus/src/Logging/DailyFileLogger.php:36)
CONTEXT: 
    severity=2
    file=/workspaces/nucleus/src/Http/Response.php
    line=177
2025-09-18 10:01:22 INFO 1 user providers loaded
2025-09-18 10:01:22 INFO Error handler registered.
2025-09-18 10:01:22 INFO 6 routes registered
2025-09-18 10:01:22 INFO 1 global middlewares registered
2025-09-18 10:01:22 INFO Application initialized.
CONTEXT: 
    basePath=/workspaces/nucleus/app
    env=local
2025-09-18 10:01:22 ERROR Boom from controller
CONTEXT: 
    exception={}
    file=/workspaces/nucleus/app/Controllers/TestController.php
    line=13
    trace=#0 [internal function]: App\Controllers\TestController->index(Object(Nucleus\Http\Request))
#1 /workspaces/nucleus/src/Routing/RouteResolver.php(133): ReflectionMethod->invokeArgs(Object(App\Controllers\TestController), Array)
#2 /workspaces/nucleus/src/Routing/RouteResolver.php(62): Nucleus\Routing\RouteResolver->resolveController(Array, Object(Nucleus\Http\Request), Array)
#3 /workspaces/nucleus/src/Routing/Router.php(123): Nucleus\Routing\RouteResolver->resolve(Array, Object(Nucleus\Http\Request), Array)
#4 /workspaces/nucleus/src/Core/Nucleus.php(100): Nucleus\Routing\Router->resolve(Array, Object(Nucleus\Http\Request), Array)
#5 /workspaces/nucleus/app/Middleware/TestMiddleware.php(16): Nucleus\Core\Nucleus->{closure:Nucleus\Core\Nucleus::handle():100}(Object(Nucleus\Http\Request))
#6 /workspaces/nucleus/src/Core/Nucleus.php(99): App\Middleware\TestMiddleware->handle(Object(Nucleus\Http\Request), Object(Closure))
#7 /workspaces/nucleus/src/Core/Nucleus.php(104): Nucleus\Core\Nucleus->{closure:{closure:Nucleus\Core\Nucleus::handle():99}:99}(Object(Nucleus\Http\Request))
#8 /workspaces/nucleus/src/Core/Application.php(244): Nucleus\Core\Nucleus->handle(Object(Nucleus\Http\Request))
#9 /workspaces/nucleus/src/Core/Application.php(217): Nucleus\Core\Application->handleRequest(Object(Nucleus\Http\Request))
#10 /workspaces/nucleus/app/public/index.php(12): Nucleus\Core\Application->run()
#11 {main}
2025-09-18 10:01:22 INFO Request handled
CONTEXT: 
    method=GET
    uri=/
    status=500
    duration_ms=0.57
2025-09-18 10:01:22 WARNING http_response_code(): Cannot set response code - headers already sent (output started at /workspaces/nucleus/src/Logging/DailyFileLogger.php:36)
CONTEXT: 
    severity=2
    file=/workspaces/nucleus/src/Http/Response.php
    line=177
2025-09-18 10:28:01 INFO 1 user providers loaded
2025-09-18 10:28:01 INFO Error handler registered.
2025-09-18 10:28:01 INFO 6 routes registered
2025-09-18 10:28:01 INFO 1 global middlewares registered
2025-09-18 10:28:01 INFO Application initialized.
CONTEXT: 
    basePath=/workspaces/nucleus/app
    env=local
2025-09-18 10:28:01 ERROR Boom from controller
CONTEXT: 
    exception={}
    file=/workspaces/nucleus/app/Controllers/TestController.php
    line=13
    trace=#0 [internal function]: App\Controllers\TestController->index(Object(Nucleus\Http\Request))
#1 /workspaces/nucleus/src/Routing/RouteResolver.php(133): ReflectionMethod->invokeArgs(Object(App\Controllers\TestController), Array)
#2 /workspaces/nucleus/src/Routing/RouteResolver.php(62): Nucleus\Routing\RouteResolver->resolveController(Array, Object(Nucleus\Http\Request), Array)
#3 /workspaces/nucleus/src/Routing/Router.php(123): Nucleus\Routing\RouteResolver->resolve(Array, Object(Nucleus\Http\Request), Array)
#4 /workspaces/nucleus/src/Core/Nucleus.php(100): Nucleus\Routing\Router->resolve(Array, Object(Nucleus\Http\Request), Array)
#5 /workspaces/nucleus/app/Middleware/TestMiddleware.php(16): Nucleus\Core\Nucleus->{closure:Nucleus\Core\Nucleus::handle():100}(Object(Nucleus\Http\Request))
#6 /workspaces/nucleus/src/Core/Nucleus.php(99): App\Middleware\TestMiddleware->handle(Object(Nucleus\Http\Request), Object(Closure))
#7 /workspaces/nucleus/src/Core/Nucleus.php(104): Nucleus\Core\Nucleus->{closure:{closure:Nucleus\Core\Nucleus::handle():99}:99}(Object(Nucleus\Http\Request))
#8 /workspaces/nucleus/src/Core/Application.php(249): Nucleus\Core\Nucleus->handle(Object(Nucleus\Http\Request))
#9 /workspaces/nucleus/src/Core/Application.php(222): Nucleus\Core\Application->handleRequest(Object(Nucleus\Http\Request))
#10 /workspaces/nucleus/app/public/index.php(12): Nucleus\Core\Application->run()
#11 {main}
2025-09-18 10:28:01 INFO Request handled
CONTEXT: 
    method=GET
    uri=/
    status=500
    duration_ms=0.77
2025-09-18 10:28:01 WARNING http_response_code(): Cannot set response code - headers already sent (output started at /workspaces/nucleus/src/Logging/DailyFileLogger.php:36)
CONTEXT: 
    severity=2
    file=/workspaces/nucleus/src/Http/Response.php
    line=177
2025-09-18 10:47:01 INFO 1 user providers loaded
2025-09-18 10:47:01 INFO Error handler registered.
2025-09-18 10:47:01 INFO 6 routes registered
2025-09-18 10:47:01 INFO 1 global middlewares registered
2025-09-18 10:47:01 INFO Application initialized.
CONTEXT: 
    basePath=/workspaces/nucleus/app
    env=local
2025-09-18 10:47:01 ERROR Boom from controller
CONTEXT: 
    exception={}
    file=/workspaces/nucleus/app/Controllers/TestController.php
    line=13
    trace=#0 [internal function]: App\Controllers\TestController->index(Object(Nucleus\Http\Request))
#1 /workspaces/nucleus/src/Routing/RouteResolver.php(133): ReflectionMethod->invokeArgs(Object(App\Controllers\TestController), Array)
#2 /workspaces/nucleus/src/Routing/RouteResolver.php(62): Nucleus\Routing\RouteResolver->resolveController(Array, Object(Nucleus\Http\Request), Array)
#3 /workspaces/nucleus/src/Routing/Router.php(123): Nucleus\Routing\RouteResolver->resolve(Array, Object(Nucleus\Http\Request), Array)
#4 /workspaces/nucleus/src/Core/Nucleus.php(100): Nucleus\Routing\Router->resolve(Array, Object(Nucleus\Http\Request), Array)
#5 /workspaces/nucleus/app/Middleware/TestMiddleware.php(16): Nucleus\Core\Nucleus->{closure:Nucleus\Core\Nucleus::handle():100}(Object(Nucleus\Http\Request))
#6 /workspaces/nucleus/src/Core/Nucleus.php(99): App\Middleware\TestMiddleware->handle(Object(Nucleus\Http\Request), Object(Closure))
#7 /workspaces/nucleus/src/Core/Nucleus.php(104): Nucleus\Core\Nucleus->{closure:{closure:Nucleus\Core\Nucleus::handle():99}:99}(Object(Nucleus\Http\Request))
#8 /workspaces/nucleus/src/Core/Application.php(249): Nucleus\Core\Nucleus->handle(Object(Nucleus\Http\Request))
#9 /workspaces/nucleus/src/Core/Application.php(222): Nucleus\Core\Application->handleRequest(Object(Nucleus\Http\Request))
#10 /workspaces/nucleus/app/public/index.php(12): Nucleus\Core\Application->run()
#11 {main}
2025-09-18 10:47:01 INFO Request handled
CONTEXT: 
    method=GET
    uri=/
    status=500
    duration_ms=0.54
2025-09-18 10:47:01 WARNING http_response_code(): Cannot set response code - headers already sent (output started at /workspaces/nucleus/src/Logging/DailyFileLogger.php:36)
CONTEXT: 
    severity=2
    file=/workspaces/nucleus/src/Http/Response.php
    line=177
2025-09-18 10:47:19 INFO 1 user providers loaded
2025-09-18 10:47:19 INFO Error handler registered.
2025-09-18 10:47:19 INFO 6 routes registered
2025-09-18 10:47:19 INFO 1 global middlewares registered
2025-09-18 10:47:19 INFO Application initialized.
CONTEXT: 
    basePath=/workspaces/nucleus/app
    env=local
2025-09-18 10:47:19 ERROR Boom from controller
CONTEXT: 
    exception={}
    file=/workspaces/nucleus/app/Controllers/TestController.php
    line=13
    trace=#0 [internal function]: App\Controllers\TestController->index(Object(Nucleus\Http\Request))
#1 /workspaces/nucleus/src/Routing/RouteResolver.php(133): ReflectionMethod->invokeArgs(Object(App\Controllers\TestController), Array)
#2 /workspaces/nucleus/src/Routing/RouteResolver.php(62): Nucleus\Routing\RouteResolver->resolveController(Array, Object(Nucleus\Http\Request), Array)
#3 /workspaces/nucleus/src/Routing/Router.php(123): Nucleus\Routing\RouteResolver->resolve(Array, Object(Nucleus\Http\Request), Array)
#4 /workspaces/nucleus/src/Core/Nucleus.php(100): Nucleus\Routing\Router->resolve(Array, Object(Nucleus\Http\Request), Array)
#5 /workspaces/nucleus/app/Middleware/TestMiddleware.php(16): Nucleus\Core\Nucleus->{closure:Nucleus\Core\Nucleus::handle():100}(Object(Nucleus\Http\Request))
#6 /workspaces/nucleus/src/Core/Nucleus.php(99): App\Middleware\TestMiddleware->handle(Object(Nucleus\Http\Request), Object(Closure))
#7 /workspaces/nucleus/src/Core/Nucleus.php(104): Nucleus\Core\Nucleus->{closure:{closure:Nucleus\Core\Nucleus::handle():99}:99}(Object(Nucleus\Http\Request))
#8 /workspaces/nucleus/src/Core/Application.php(249): Nucleus\Core\Nucleus->handle(Object(Nucleus\Http\Request))
#9 /workspaces/nucleus/src/Core/Application.php(222): Nucleus\Core\Application->handleRequest(Object(Nucleus\Http\Request))
#10 /workspaces/nucleus/app/public/index.php(12): Nucleus\Core\Application->run()
#11 {main}
2025-09-18 10:47:19 INFO Request handled
CONTEXT: 
    method=GET
    uri=/
    status=500
    duration_ms=0.58
2025-09-18 10:47:19 WARNING http_response_code(): Cannot set response code - headers already sent (output started at /workspaces/nucleus/src/Logging/DailyFileLogger.php:36)
CONTEXT: 
    severity=2
    file=/workspaces/nucleus/src/Http/Response.php
    line=177
