2025-09-18 08:48:36 INFO 1 user providers loaded
2025-09-18 08:48:36 INFO Error handler registered.
2025-09-18 08:48:36 INFO 6 routes registered
2025-09-18 08:48:36 INFO 1 global middlewares registered
2025-09-18 08:48:36 INFO Application initialized.\nCONTEXT: 
    basePath=/workspaces/nucleus/app
    env=local
2025-09-18 08:48:36 ERROR Boom from controller\nCONTEXT: 
    exception={}
    file=/workspaces/nucleus/app/Controllers/TestController.php
    line=13
    trace=#0 [internal function]: App\Controllers\TestController->index(Object(Nucleus\Http\Request))
#1 /workspaces/nucleus/src/Routing/RouteResolver.php(133): ReflectionMethod->invokeArgs(Object(App\Controllers\TestController), Array)
#2 /workspaces/nucleus/src/Routing/RouteResolver.php(62): Nucleus\Routing\RouteResolver->resolveController(Array, Object(Nucleus\Http\Request), Array)
#3 /workspaces/nucleus/src/Routing/Router.php(123): Nucleus\Routing\RouteResolver->resolve(Array, Object(Nucleus\Http\Request), Array)
#4 /workspaces/nucleus/src/Core/Nucleus.php(100): Nucleus\Routing\Router->resolve(Array, Object(Nucleus\Http\Request), Array)
#5 /workspaces/nucleus/app/Middleware/TestMiddleware.php(16): Nucleus\Core\Nucleus->{closure:Nucleus\Core\Nucleus::handle():100}(Object(Nucleus\Http\Request))
#6 /workspaces/nucleus/src/Core/Nucleus.php(99): App\Middleware\TestMiddleware->handle(Object(Nucleus\Http\Request), Object(Closure))
#7 /workspaces/nucleus/src/Core/Nucleus.php(104): Nucleus\Core\Nucleus->{closure:{closure:Nucleus\Core\Nucleus::handle():99}:99}(Object(Nucleus\Http\Request))
#8 /workspaces/nucleus/src/Core/Application.php(244): Nucleus\Core\Nucleus->handle(Object(Nucleus\Http\Request))
#9 /workspaces/nucleus/src/Core/Application.php(217): Nucleus\Core\Application->handleRequest(Object(Nucleus\Http\Request))
#10 /workspaces/nucleus/app/public/index.php(12): Nucleus\Core\Application->run()
#11 {main}
2025-09-18 08:48:36 INFO Request handled\nCONTEXT: 
    method=GET
    uri=/
    status=500
    duration_ms=0.33
2025-09-18 08:49:27 INFO 1 user providers loaded
2025-09-18 08:49:27 INFO Error handler registered.
2025-09-18 08:49:27 INFO 6 routes registered
2025-09-18 08:49:27 INFO 1 global middlewares registered
2025-09-18 08:49:27 INFO Application initialized.
CONTEXT: 
    basePath=/workspaces/nucleus/app
    env=local
2025-09-18 08:49:27 ERROR Boom from controller
CONTEXT: 
    exception={}
    file=/workspaces/nucleus/app/Controllers/TestController.php
    line=13
    trace=#0 [internal function]: App\Controllers\TestController->index(Object(Nucleus\Http\Request))
#1 /workspaces/nucleus/src/Routing/RouteResolver.php(133): ReflectionMethod->invokeArgs(Object(App\Controllers\TestController), Array)
#2 /workspaces/nucleus/src/Routing/RouteResolver.php(62): Nucleus\Routing\RouteResolver->resolveController(Array, Object(Nucleus\Http\Request), Array)
#3 /workspaces/nucleus/src/Routing/Router.php(123): Nucleus\Routing\RouteResolver->resolve(Array, Object(Nucleus\Http\Request), Array)
#4 /workspaces/nucleus/src/Core/Nucleus.php(100): Nucleus\Routing\Router->resolve(Array, Object(Nucleus\Http\Request), Array)
#5 /workspaces/nucleus/app/Middleware/TestMiddleware.php(16): Nucleus\Core\Nucleus->{closure:Nucleus\Core\Nucleus::handle():100}(Object(Nucleus\Http\Request))
#6 /workspaces/nucleus/src/Core/Nucleus.php(99): App\Middleware\TestMiddleware->handle(Object(Nucleus\Http\Request), Object(Closure))
#7 /workspaces/nucleus/src/Core/Nucleus.php(104): Nucleus\Core\Nucleus->{closure:{closure:Nucleus\Core\Nucleus::handle():99}:99}(Object(Nucleus\Http\Request))
#8 /workspaces/nucleus/src/Core/Application.php(244): Nucleus\Core\Nucleus->handle(Object(Nucleus\Http\Request))
#9 /workspaces/nucleus/src/Core/Application.php(217): Nucleus\Core\Application->handleRequest(Object(Nucleus\Http\Request))
#10 /workspaces/nucleus/app/public/index.php(12): Nucleus\Core\Application->run()
#11 {main}
2025-09-18 08:49:27 INFO Request handled
CONTEXT: 
    method=GET
    uri=/
    status=500
    duration_ms=0.32
